17b4 initialise_clink          109 ---- 2022/05/29 13:23:55.792 -------------------------------------------------
17b4 initialise_clink          110 Host process is 'cmd.exe'
17b4 initialise_clink          124 Windows version 10.0.22000 (x64)
17b4 initialise_clink          127 Clink version 1.1.45.1c3985 (x64)
17b4 hook_setter::hook_setter   36 >>> Started hook transaction.
17b4 hook_iat                   53 Attempting to hook IAT for module 00007FF6DD0B0000
17b4 hook_iat                   54 Target is (null),SetEnvironmentVariableW (by_name=1)
17b4 pe_info::iterate_imports  154 Checking imports in 'msvcrt.dll'
17b4 pe_info::iterate_imports  154 Checking imports in 'ntdll.dll'
17b4 pe_info::iterate_imports  154 Checking imports in 'api-ms-win-core-kernel32-legacy-l1-1-0.dll'
17b4 pe_info::iterate_imports  154 Checking imports in 'api-ms-win-core-libraryloader-l1-2-0.dll'
17b4 pe_info::iterate_imports  154 Checking imports in 'api-ms-win-core-synch-l1-1-0.dll'
17b4 pe_info::iterate_imports  154 Checking imports in 'api-ms-win-core-heap-l1-1-0.dll'
17b4 pe_info::iterate_imports  154 Checking imports in 'api-ms-win-core-errorhandling-l1-1-0.dll'
17b4 pe_info::iterate_imports  154 Checking imports in 'api-ms-win-core-threadpool-l1-2-0.dll'
17b4 pe_info::iterate_imports  154 Checking imports in 'api-ms-win-core-processthreads-l1-1-0.dll'
17b4 pe_info::iterate_imports  154 Checking imports in 'api-ms-win-core-localization-l1-2-0.dll'
17b4 pe_info::iterate_imports  154 Checking imports in 'api-ms-win-core-debug-l1-1-0.dll'
17b4 pe_info::iterate_imports  154 Checking imports in 'api-ms-win-core-handle-l1-1-0.dll'
17b4 pe_info::iterate_imports  154 Checking imports in 'api-ms-win-core-memory-l1-1-0.dll'
17b4 pe_info::iterate_imports  154 Checking imports in 'api-ms-win-core-console-l1-1-0.dll'
17b4 pe_info::iterate_imports  154 Checking imports in 'api-ms-win-core-file-l1-1-0.dll'
17b4 pe_info::iterate_imports  154 Checking imports in 'api-ms-win-core-string-l1-1-0.dll'
17b4 pe_info::iterate_imports  154 Checking imports in 'api-ms-win-core-processenvironment-l1-1-0.dll'
17b4 hook_iat                   81 Found import at 00007FF6DD0E88D0 (value = 00007FFE0F44F890)
17b4 hook_iat                   53 Attempting to hook IAT for module 00007FFDCDEA0000
17b4 hook_iat                   54 Target is (null),SetEnvironmentVariableW (by_name=1)
17b4 pe_info::iterate_imports  154 Checking imports in 'VERSION.dll'
17b4 pe_info::iterate_imports  154 Checking imports in 'SHLWAPI.dll'
17b4 pe_info::iterate_imports  154 Checking imports in 'RPCRT4.dll'
17b4 pe_info::iterate_imports  154 Checking imports in 'dbghelp.dll'
17b4 pe_info::iterate_imports  154 Checking imports in 'KERNEL32.dll'
17b4 hook_iat                   81 Found import at 00007FFDCDF82208 (value = 00007FFE109DD6E0)
17b4 hook_iat                   53 Attempting to hook IAT for module 00007FF6DD0B0000
17b4 hook_iat                   54 Target is (null),WriteConsoleW (by_name=1)
17b4 pe_info::iterate_imports  154 Checking imports in 'msvcrt.dll'
17b4 pe_info::iterate_imports  154 Checking imports in 'ntdll.dll'
17b4 pe_info::iterate_imports  154 Checking imports in 'api-ms-win-core-kernel32-legacy-l1-1-0.dll'
17b4 pe_info::iterate_imports  154 Checking imports in 'api-ms-win-core-libraryloader-l1-2-0.dll'
17b4 pe_info::iterate_imports  154 Checking imports in 'api-ms-win-core-synch-l1-1-0.dll'
17b4 pe_info::iterate_imports  154 Checking imports in 'api-ms-win-core-heap-l1-1-0.dll'
17b4 pe_info::iterate_imports  154 Checking imports in 'api-ms-win-core-errorhandling-l1-1-0.dll'
17b4 pe_info::iterate_imports  154 Checking imports in 'api-ms-win-core-threadpool-l1-2-0.dll'
17b4 pe_info::iterate_imports  154 Checking imports in 'api-ms-win-core-processthreads-l1-1-0.dll'
17b4 pe_info::iterate_imports  154 Checking imports in 'api-ms-win-core-localization-l1-2-0.dll'
17b4 pe_info::iterate_imports  154 Checking imports in 'api-ms-win-core-debug-l1-1-0.dll'
17b4 pe_info::iterate_imports  154 Checking imports in 'api-ms-win-core-handle-l1-1-0.dll'
17b4 pe_info::iterate_imports  154 Checking imports in 'api-ms-win-core-memory-l1-1-0.dll'
17b4 pe_info::iterate_imports  154 Checking imports in 'api-ms-win-core-console-l1-1-0.dll'
17b4 hook_iat                   81 Found import at 00007FF6DD0E8550 (value = 00007FFE0F415630)
17b4 hook_iat                   53 Attempting to hook IAT for module 00007FFDCDEA0000
17b4 hook_iat                   54 Target is (null),WriteConsoleW (by_name=1)
17b4 pe_info::iterate_imports  154 Checking imports in 'VERSION.dll'
17b4 pe_info::iterate_imports  154 Checking imports in 'SHLWAPI.dll'
17b4 pe_info::iterate_imports  154 Checking imports in 'RPCRT4.dll'
17b4 pe_info::iterate_imports  154 Checking imports in 'dbghelp.dll'
17b4 pe_info::iterate_imports  154 Checking imports in 'KERNEL32.dll'
17b4 hook_iat                   81 Found import at 00007FFDCDF820E8 (value = 00007FFE109E3780)
17b4 hook_iat                   53 Attempting to hook IAT for module 00007FF6DD0B0000
17b4 hook_iat                   54 Target is (null),GetEnvironmentVariableW (by_name=1)
17b4 pe_info::iterate_imports  154 Checking imports in 'msvcrt.dll'
17b4 pe_info::iterate_imports  154 Checking imports in 'ntdll.dll'
17b4 pe_info::iterate_imports  154 Checking imports in 'api-ms-win-core-kernel32-legacy-l1-1-0.dll'
17b4 pe_info::iterate_imports  154 Checking imports in 'api-ms-win-core-libraryloader-l1-2-0.dll'
17b4 pe_info::iterate_imports  154 Checking imports in 'api-ms-win-core-synch-l1-1-0.dll'
17b4 pe_info::iterate_imports  154 Checking imports in 'api-ms-win-core-heap-l1-1-0.dll'
17b4 pe_info::iterate_imports  154 Checking imports in 'api-ms-win-core-errorhandling-l1-1-0.dll'
17b4 pe_info::iterate_imports  154 Checking imports in 'api-ms-win-core-threadpool-l1-2-0.dll'
17b4 pe_info::iterate_imports  154 Checking imports in 'api-ms-win-core-processthreads-l1-1-0.dll'
17b4 pe_info::iterate_imports  154 Checking imports in 'api-ms-win-core-localization-l1-2-0.dll'
17b4 pe_info::iterate_imports  154 Checking imports in 'api-ms-win-core-debug-l1-1-0.dll'
17b4 pe_info::iterate_imports  154 Checking imports in 'api-ms-win-core-handle-l1-1-0.dll'
17b4 pe_info::iterate_imports  154 Checking imports in 'api-ms-win-core-memory-l1-1-0.dll'
17b4 pe_info::iterate_imports  154 Checking imports in 'api-ms-win-core-console-l1-1-0.dll'
17b4 pe_info::iterate_imports  154 Checking imports in 'api-ms-win-core-file-l1-1-0.dll'
17b4 pe_info::iterate_imports  154 Checking imports in 'api-ms-win-core-string-l1-1-0.dll'
17b4 pe_info::iterate_imports  154 Checking imports in 'api-ms-win-core-processenvironment-l1-1-0.dll'
17b4 hook_iat                   81 Found import at 00007FF6DD0E88C0 (value = 00007FFE0F423CC0)
17b4 hook_iat                   53 Attempting to hook IAT for module 00007FFDCDEA0000
17b4 hook_iat                   54 Target is (null),GetEnvironmentVariableW (by_name=1)
17b4 pe_info::iterate_imports  154 Checking imports in 'VERSION.dll'
17b4 pe_info::iterate_imports  154 Checking imports in 'SHLWAPI.dll'
17b4 pe_info::iterate_imports  154 Checking imports in 'RPCRT4.dll'
17b4 pe_info::iterate_imports  154 Checking imports in 'dbghelp.dll'
17b4 pe_info::iterate_imports  154 Checking imports in 'KERNEL32.dll'
17b4 hook_iat                   81 Found import at 00007FFDCDF82200 (value = 00007FFE109D9FD0)
17b4 hook_setter::commit        88 <<< Hook transaction committed.
17b4 hook_iat                   53 Attempting to hook IAT for module 00007FF6DD0B0000
17b4 hook_iat                   54 Target is (null),GetEnvironmentVariableW (by_name=1)
17b4 pe_info::iterate_imports  154 Checking imports in 'msvcrt.dll'
17b4 pe_info::iterate_imports  154 Checking imports in 'ntdll.dll'
17b4 pe_info::iterate_imports  154 Checking imports in 'api-ms-win-core-kernel32-legacy-l1-1-0.dll'
17b4 pe_info::iterate_imports  154 Checking imports in 'api-ms-win-core-libraryloader-l1-2-0.dll'
17b4 pe_info::iterate_imports  154 Checking imports in 'api-ms-win-core-synch-l1-1-0.dll'
17b4 pe_info::iterate_imports  154 Checking imports in 'api-ms-win-core-heap-l1-1-0.dll'
17b4 pe_info::iterate_imports  154 Checking imports in 'api-ms-win-core-errorhandling-l1-1-0.dll'
17b4 pe_info::iterate_imports  154 Checking imports in 'api-ms-win-core-threadpool-l1-2-0.dll'
17b4 pe_info::iterate_imports  154 Checking imports in 'api-ms-win-core-processthreads-l1-1-0.dll'
17b4 pe_info::iterate_imports  154 Checking imports in 'api-ms-win-core-localization-l1-2-0.dll'
17b4 pe_info::iterate_imports  154 Checking imports in 'api-ms-win-core-debug-l1-1-0.dll'
17b4 pe_info::iterate_imports  154 Checking imports in 'api-ms-win-core-handle-l1-1-0.dll'
17b4 pe_info::iterate_imports  154 Checking imports in 'api-ms-win-core-memory-l1-1-0.dll'
17b4 pe_info::iterate_imports  154 Checking imports in 'api-ms-win-core-console-l1-1-0.dll'
17b4 pe_info::iterate_imports  154 Checking imports in 'api-ms-win-core-file-l1-1-0.dll'
17b4 pe_info::iterate_imports  154 Checking imports in 'api-ms-win-core-string-l1-1-0.dll'
17b4 pe_info::iterate_imports  154 Checking imports in 'api-ms-win-core-processenvironment-l1-1-0.dll'
17b4 hook_iat                   81 Found import at 00007FF6DD0E88C0 (value = 00007FFDCDEB0D30)
17b4 hook_setter::hook_setter   36 >>> Started hook transaction.
17b4 hook_setter::add_detour   119 Attempting to hook ReadConsoleW in kernelbase.dll with 00007FFDCDEB10C0.
17b4 add_repair_iat_node       135 Attempting to hook IAT for module 00007FFDCDEA0000.
17b4 add_repair_iat_node       143 Target is ReadConsoleW (by name).
17b4 pe_info::iterate_imports  154 Checking imports in 'VERSION.dll'
17b4 pe_info::iterate_imports  154 Checking imports in 'SHLWAPI.dll'
17b4 pe_info::iterate_imports  154 Checking imports in 'RPCRT4.dll'
17b4 pe_info::iterate_imports  154 Checking imports in 'dbghelp.dll'
17b4 pe_info::iterate_imports  154 Checking imports in 'KERNEL32.dll'
17b4 add_repair_iat_node       168 Found import at 00007FFDCDF821F8 (value is 00007FFE109E3730).
17b4 hook_setter::commit        88 <<< Hook transaction committed.
17b4 win_screen_buffer::begin  184 Using native terminal support; found 'conemuhk64.dll'.
17b4 history_db::initialise   1061 master bank ctag: |CTAG_1630483967_1189446968_13800_0
17b4 history_db::compact      1231 History:  365 active, 1322 deleted
17b4 history_db::compact      1231 History:  365 active, 1323 deleted
17b4 history_db::compact      1231 History:  366 active, 1323 deleted
17b4 history_db::compact      1231 History:  367 active, 1323 deleted
17b4 history_db::compact      1231 History:  368 active, 1323 deleted
17b4 history_db::compact      1231 History:  368 active, 1324 deleted
17b4 history_db::compact      1231 History:  369 active, 1324 deleted
17b4 history_db::compact      1231 History:  369 active, 1325 deleted
17b4 history_db::compact      1231 History:  370 active, 1325 deleted
17b4 history_db::compact      1231 History:  370 active, 1326 deleted
17b4 history_db::compact      1231 History:  370 active, 1327 deleted
17b4 history_db::compact      1231 History:  371 active, 1327 deleted
17b4 history_db::compact      1231 History:  371 active, 1328 deleted
17b4 history_db::compact      1231 History:  372 active, 1328 deleted
17b4 history_db::compact      1231 History:  372 active, 1329 deleted
17b4 history_db::compact      1231 History:  372 active, 1330 deleted
17b4 history_db::compact      1231 History:  372 active, 1331 deleted
